\BOOKMARK [1][-]{section.1}{AC Power}{}% 1
\BOOKMARK [2][-]{subsection.1.1}{Three Phase Power}{section.1}% 2
\BOOKMARK [1][-]{section.2}{Algorithms}{}% 3
\BOOKMARK [2][-]{subsection.2.1}{MD5}{section.2}% 4
\BOOKMARK [3][-]{subsubsection.2.1.1}{Definitions}{subsection.2.1}% 5
\BOOKMARK [3][-]{subsubsection.2.1.2}{Algorithm}{subsection.2.1}% 6
\BOOKMARK [2][-]{subsection.2.2}{Advanced Encryption Standard \(AES\), Rijndael}{section.2}% 7
\BOOKMARK [2][-]{subsection.2.3}{RSA}{section.2}% 8
\BOOKMARK [3][-]{subsubsection.2.3.1}{Key Generation}{subsection.2.3}% 9
\BOOKMARK [3][-]{subsubsection.2.3.2}{Key Distribution}{subsection.2.3}% 10
\BOOKMARK [3][-]{subsubsection.2.3.3}{Encryption}{subsection.2.3}% 11
\BOOKMARK [3][-]{subsubsection.2.3.4}{Decryption}{subsection.2.3}% 12
\BOOKMARK [3][-]{subsubsection.2.3.5}{Diffie-Hellman Key Exchange}{subsection.2.3}% 13
\BOOKMARK [2][-]{subsection.2.4}{Huffman Coding}{section.2}% 14
\BOOKMARK [3][-]{subsubsection.2.4.1}{Compression}{subsection.2.4}% 15
\BOOKMARK [3][-]{subsubsection.2.4.2}{Using a Priority Queue}{subsection.2.4}% 16
\BOOKMARK [3][-]{subsubsection.2.4.3}{Using Two Queues}{subsection.2.4}% 17
\BOOKMARK [3][-]{subsubsection.2.4.4}{Decompression}{subsection.2.4}% 18
\BOOKMARK [2][-]{subsection.2.5}{LZ77}{section.2}% 19
\BOOKMARK [2][-]{subsection.2.6}{DEFLATE}{section.2}% 20
\BOOKMARK [2][-]{subsection.2.7}{Discrete Cosine Transform \(DCT\)}{section.2}% 21
\BOOKMARK [2][-]{subsection.2.8}{Metropolis Algorithm for Monte Carlo}{section.2}% 22
\BOOKMARK [2][-]{subsection.2.9}{Simplex Method for Linear Programming}{section.2}% 23
\BOOKMARK [2][-]{subsection.2.10}{Krylov Subspace Iteration Methods}{section.2}% 24
\BOOKMARK [2][-]{subsection.2.11}{The Decompositional Approach to Matrix Computations}{section.2}% 25
\BOOKMARK [2][-]{subsection.2.12}{The Fortran Optimizing Compiler}{section.2}% 26
\BOOKMARK [2][-]{subsection.2.13}{QR Algorithm for Computing Eigenvalues}{section.2}% 27
\BOOKMARK [3][-]{subsubsection.2.13.1}{QR Decomposition}{subsection.2.13}% 28
\BOOKMARK [2][-]{subsection.2.14}{Quicksort Algorithm for Sorting}{section.2}% 29
\BOOKMARK [2][-]{subsection.2.15}{Fast Fourier Transform \(FFT\)}{section.2}% 30
\BOOKMARK [2][-]{subsection.2.16}{Integer Relation Detection}{section.2}% 31
\BOOKMARK [2][-]{subsection.2.17}{Fast Multipole Method}{section.2}% 32
\BOOKMARK [1][-]{section.3}{Matrix Decompositions}{}% 33
\BOOKMARK [2][-]{subsection.3.1}{Cholesky}{section.3}% 34
\BOOKMARK [2][-]{subsection.3.2}{LU}{section.3}% 35
\BOOKMARK [3][-]{subsubsection.3.2.1}{LU with Full Pivoting}{subsection.3.2}% 36
\BOOKMARK [2][-]{subsection.3.3}{Block LU}{section.3}% 37
\BOOKMARK [2][-]{subsection.3.4}{QR}{section.3}% 38
\BOOKMARK [2][-]{subsection.3.5}{Spectral}{section.3}% 39
\BOOKMARK [2][-]{subsection.3.6}{Schur}{section.3}% 40
\BOOKMARK [2][-]{subsection.3.7}{Singular Value}{section.3}% 41
\BOOKMARK [1][-]{section.4}{Elementary Number Theory}{}% 42
\BOOKMARK [1][-]{section.5}{Linear Programming: An Intro}{}% 43
\BOOKMARK [2][-]{subsection.5.1}{Standard Problems}{section.5}% 44
\BOOKMARK [2][-]{subsection.5.2}{Duality}{section.5}% 45
\BOOKMARK [1][-]{section.6}{Glossary}{}% 46
