Wed Mar 23 10:16:30 2016 Opening
Wed Mar 23 10:16:33 2016 Getting argument transcripts for 2015
Wed Mar 23 10:16:33 2016 http://supremecourt.gov/oral_arguments/argument_transcripts/14-1504_5he6.pdf
Wed Mar 23 10:16:51 2016 http://supremecourt.gov/oral_arguments/argument_transcripts/15-138_b97c.pdf
Wed Mar 23 10:17:24 2016 http://supremecourt.gov/oral_arguments/argument_transcripts/15-109_b07d.pdf
Wed Mar 23 10:17:55 2016 http://supremecourt.gov/oral_arguments/argument_transcripts/15-233_g314.pdf
Wed Mar 23 10:18:31 2016 http://supremecourt.gov/oral_arguments/argument_transcripts/14-916_llh1.pdf
Wed Mar 23 10:19:07 2016 http://supremecourt.gov/oral_arguments/argument_transcripts/14-1373_mlho.pdf
Wed Mar 23 10:19:42 2016 http://supremecourt.gov/oral_arguments/argument_transcripts/14-6166_jgkn.pdf
Wed Mar 23 10:20:17 2016 http://supremecourt.gov/oral_arguments/argument_transcripts/14-1513_4e46.pdf
Wed Mar 23 10:20:59 2016 http://supremecourt.gov/oral_arguments/argument_transcripts/14-614_g2hk.pdf
Wed Mar 23 10:21:36 2016 http://supremecourt.gov/oral_arguments/argument_transcripts/14-10154_g31h.pdf
Wed Mar 23 10:22:00 2016 http://supremecourt.gov/oral_arguments/argument_transcripts/15-5040_qol1.pdf
Wed Mar 23 10:22:22 2016 http://supremecourt.gov/oral_arguments/argument_transcripts/15-5238_0pm1.pdf
Wed Mar 23 10:22:54 2016 http://supremecourt.gov/oral_arguments/argument_transcripts/15-145_a07i.pdf
Wed Mar 23 10:23:32 2016 http://supremecourt.gov/oral_arguments/argument_transcripts/15-274_d18e.pdf
Wed Mar 23 10:24:12 2016 http://supremecourt.gov/oral_arguments/argument_transcripts/14-915_e2p3.pdf
Wed Mar 23 10:24:34 2016 http://supremecourt.gov/oral_arguments/argument_transcripts/14-8913_d1o2.pdf
Wed Mar 23 10:24:43 2016 http://supremecourt.gov/oral_arguments/argument_transcripts/14-1516_5ifl.pdf
Wed Mar 23 10:24:58 2016 http://supremecourt.gov/oral_arguments/argument_transcripts/14-770_m64o.pdf
Wed Mar 23 10:25:08 2016 http://supremecourt.gov/oral_arguments/argument_transcripts/15-108_5436.pdf
Wed Mar 23 10:25:25 2016 http://supremecourt.gov/oral_arguments/argument_transcripts/14-1280_e1p3.pdf
Wed Mar 23 10:26:06 2016 http://supremecourt.gov/oral_arguments/argument_transcripts/14-1382_1824.pdf
Wed Mar 23 10:26:34 2016 http://supremecourt.gov/oral_arguments/argument_transcripts/14-1406_22p6.pdf
Wed Mar 23 10:27:13 2016 http://supremecourt.gov/oral_arguments/argument_transcripts/14-1209_jqei.pdf
Wed Mar 23 10:27:56 2016 http://supremecourt.gov/oral_arguments/argument_transcripts/14-1095_k536.pdf
Wed Mar 23 10:28:11 2016 http://supremecourt.gov/oral_arguments/argument_transcripts/14-613_6647.pdf
Wed Mar 23 10:28:26 2016 http://supremecourt.gov/oral_arguments/argument_transcripts/14-1132_f204.pdf
Wed Mar 23 10:28:40 2016 http://supremecourt.gov/oral_arguments/argument_transcripts/14-510_p86b.pdf
Wed Mar 23 10:28:50 2016 http://supremecourt.gov/oral_arguments/argument_transcripts/14-181_daeh.pdf
Wed Mar 23 10:29:04 2016 http://supremecourt.gov/oral_arguments/argument_transcripts/13-1496_p8k0.pdf
Wed Mar 23 10:29:22 2016 http://supremecourt.gov/oral_arguments/argument_transcripts/14-1175_ed9l.pdf
Wed Mar 23 10:29:37 2016 http://supremecourt.gov/oral_arguments/argument_transcripts/14-232_9p6b.pdf
Wed Mar 23 10:29:53 2016 http://supremecourt.gov/oral_arguments/argument_transcripts/14-940_hgci.pdf
Wed Mar 23 10:30:07 2016 http://supremecourt.gov/oral_arguments/argument_transcripts/14-981_onjq.pdf
Wed Mar 23 10:30:30 2016 http://supremecourt.gov/oral_arguments/argument_transcripts/14-8349_1bo2.pdf
Wed Mar 23 10:30:44 2016 http://supremecourt.gov/oral_arguments/argument_transcripts/13-1339_j5fl.pdf
Wed Mar 23 10:30:59 2016 http://supremecourt.gov/oral_arguments/argument_transcripts/14-8358_i3kn.pdf
Wed Mar 23 10:31:13 2016 http://supremecourt.gov/oral_arguments/argument_transcripts/14-1096_6478.pdf
Wed Mar 23 10:31:27 2016 http://supremecourt.gov/oral_arguments/argument_transcripts/14-990_6khn.pdf
Wed Mar 23 10:31:39 2016 http://supremecourt.gov/oral_arguments/argument_transcripts/14-844_4fci.pdf
Wed Mar 23 10:31:53 2016 http://supremecourt.gov/oral_arguments/argument_transcripts/14-723_2cp3.pdf
Wed Mar 23 10:32:11 2016 http://supremecourt.gov/oral_arguments/argument_transcripts/14-1146_4246.pdf
Wed Mar 23 10:32:27 2016 http://supremecourt.gov/oral_arguments/argument_transcripts/14-419_7758.pdf
Wed Mar 23 10:32:41 2016 http://supremecourt.gov/oral_arguments/argument_transcripts/13-1067_f2ah.pdf
Wed Mar 23 10:32:57 2016 http://supremecourt.gov/oral_arguments/argument_transcripts/14-520_3e04.pdf
Wed Mar 23 10:33:10 2016 http://supremecourt.gov/oral_arguments/argument_transcripts/14-361_7mip.pdf
Wed Mar 23 10:33:24 2016 http://supremecourt.gov/oral_arguments/argument_transcripts/14-462_bi7b.pdf
Wed Mar 23 10:33:40 2016 http://supremecourt.gov/oral_arguments/argument_transcripts/14-452_b18j.pdf
Wed Mar 23 10:33:52 2016 Stopping Download
Wed Mar 23 10:33:54 2016 Stopping Download
Wed Mar 23 10:33:58 2016 Closing
