Thu Feb 18 15:29:03 2016 Opening
Thu Feb 18 15:29:06 2016 No directory for: 2015
Thu Feb 18 15:29:06 2016 Directory created: C:\Users\michael.vanwickle\Documents\GitHub\NotesMiscellanea\pythonSource\scotusScraper\SCOTUS\2015\
Thu Feb 18 15:29:06 2016 Getting slip opinions
Thu Feb 18 15:29:06 2016 No directory for: C:\Users\michael.vanwickle\Documents\GitHub\NotesMiscellanea\pythonSource\scotusScraper\SCOTUS\2015\Slip Opinions\
Thu Feb 18 15:29:06 2016 Created: C:\Users\michael.vanwickle\Documents\GitHub\NotesMiscellanea\pythonSource\scotusScraper\SCOTUS\2015\Slip Opinions\
Thu Feb 18 15:29:08 2016 Stopping Download
Thu Feb 18 15:29:09 2016 Closing
Thu Feb 18 15:30:11 2016 Opening
Thu Feb 18 15:30:13 2016 Closing
Thu Feb 18 15:30:18 2016 Opening
Thu Feb 18 15:30:21 2016 Deleted folder: C:\Users\michael.vanwickle\Documents\GitHub\NotesMiscellanea\pythonSource\scotusScraper\SCOTUS\2015
Thu Feb 18 15:30:24 2016 No directory for: 2014
Thu Feb 18 15:30:24 2016 Directory created: C:\Users\michael.vanwickle\Documents\GitHub\NotesMiscellanea\pythonSource\scotusScraper\SCOTUS\2014\
Thu Feb 18 15:30:24 2016 Getting slip opinions
Thu Feb 18 15:30:24 2016 No directory for: C:\Users\michael.vanwickle\Documents\GitHub\NotesMiscellanea\pythonSource\scotusScraper\SCOTUS\2014\Slip Opinions\
Thu Feb 18 15:30:24 2016 Created: C:\Users\michael.vanwickle\Documents\GitHub\NotesMiscellanea\pythonSource\scotusScraper\SCOTUS\2014\Slip Opinions\
Thu Feb 18 15:30:24 2016 http://supremecourt.gov/opinions/14pdf/14-7955_aplc.pdf
Thu Feb 18 15:30:31 2016 Stopping Download
Thu Feb 18 15:30:33 2016 Closing
Thu Feb 18 15:33:43 2016 Opening
Thu Feb 18 15:33:46 2016 Closing
Thu Feb 18 15:33:55 2016 Opening
Thu Feb 18 15:33:56 2016 Closing
Thu Feb 18 15:34:13 2016 Opening
Thu Feb 18 15:34:14 2016 Closing
Thu Feb 18 15:34:28 2016 Opening
Thu Feb 18 15:34:30 2016 Closing
Thu Feb 18 15:34:53 2016 Opening
Thu Feb 18 15:34:57 2016 Closing
Thu Feb 18 15:35:04 2016 Opening
Thu Feb 18 15:35:10 2016 Console Cleared
Thu Feb 18 15:35:11 2016 Stopping Download
Thu Feb 18 15:35:11 2016 Stopping Download
Thu Feb 18 15:35:12 2016 Stopping Download
Thu Feb 18 15:35:12 2016 Stopping Download
Thu Feb 18 15:35:12 2016 Stopping Download
Thu Feb 18 15:35:12 2016 Stopping Download
Thu Feb 18 15:35:12 2016 Stopping Download
Thu Feb 18 15:35:12 2016 Stopping Download
Thu Feb 18 15:35:13 2016 Stopping Download
Thu Feb 18 15:35:13 2016 Stopping Download
Thu Feb 18 15:35:13 2016 Stopping Download
Thu Feb 18 15:35:13 2016 Stopping Download
Thu Feb 18 15:35:13 2016 Stopping Download
Thu Feb 18 15:35:13 2016 Stopping Download
Thu Feb 18 15:35:14 2016 Stopping Download
Thu Feb 18 15:35:14 2016 Stopping Download
Thu Feb 18 15:35:14 2016 Stopping Download
Thu Feb 18 15:35:14 2016 Stopping Download
Thu Feb 18 15:35:14 2016 Stopping Download
Thu Feb 18 15:35:14 2016 Stopping Download
Thu Feb 18 15:35:15 2016 Stopping Download
Thu Feb 18 15:35:15 2016 Stopping Download
Thu Feb 18 15:35:15 2016 Stopping Download
Thu Feb 18 15:35:15 2016 Stopping Download
Thu Feb 18 15:35:15 2016 Stopping Download
Thu Feb 18 15:35:15 2016 Stopping Download
Thu Feb 18 15:35:16 2016 Stopping Download
Thu Feb 18 15:35:16 2016 Stopping Download
Thu Feb 18 15:35:17 2016 Deleted folder: C:\Users\michael.vanwickle\Documents\GitHub\NotesMiscellanea\pythonSource\scotusScraper\SCOTUS\2014
Thu Feb 18 15:35:17 2016 Nothing to clean
Thu Feb 18 15:35:17 2016 Nothing to clean
Thu Feb 18 15:35:18 2016 Nothing to clean
Thu Feb 18 15:35:18 2016 Nothing to clean
Thu Feb 18 15:35:18 2016 Console Cleared
Thu Feb 18 15:35:20 2016 Console Cleared
Thu Feb 18 15:35:20 2016 Stopping Download
Thu Feb 18 15:35:20 2016 Stopping Download
Thu Feb 18 15:35:21 2016 Console Cleared
Thu Feb 18 15:37:04 2016 Closing
Thu Feb 18 15:37:06 2016 Opening
Thu Feb 18 15:37:08 2016 Closing
Thu Feb 18 15:37:38 2016 Opening
Thu Feb 18 15:37:40 2016 Closing
Thu Feb 18 15:37:57 2016 Opening
Thu Feb 18 15:37:59 2016 Closing
Thu Feb 18 15:44:18 2016 Opening
Thu Feb 18 15:44:21 2016 Closing
Thu Feb 18 15:51:33 2016 Opening
Thu Feb 18 15:51:37 2016 Closing
Thu Feb 18 15:51:55 2016 Opening
Thu Feb 18 15:51:57 2016 Closing
Thu Feb 18 15:54:00 2016 Opening
Thu Feb 18 15:54:02 2016 Closing
Thu Feb 18 15:55:23 2016 Opening
Thu Feb 18 15:55:25 2016 Closing
Thu Feb 18 15:55:33 2016 Opening
Thu Feb 18 15:55:39 2016 Closing
Thu Feb 18 15:55:52 2016 Opening
Thu Feb 18 15:56:10 2016 Closing
Thu Feb 18 15:56:12 2016 Opening
Thu Feb 18 15:56:15 2016 Closing
Thu Feb 18 15:56:24 2016 Opening
Thu Feb 18 15:56:25 2016 Closing
Thu Feb 18 15:56:33 2016 Opening
Thu Feb 18 15:56:35 2016 Closing
Thu Feb 18 15:58:22 2016 Opening
Thu Feb 18 15:58:24 2016 Closing
Thu Feb 18 15:58:33 2016 Opening
Thu Feb 18 15:58:37 2016 Closing
Thu Feb 18 15:58:41 2016 Opening
Thu Feb 18 16:04:47 2016 Closing
Thu Feb 18 16:06:22 2016 Opening
Thu Feb 18 16:06:24 2016 Closing
Thu Feb 18 16:06:37 2016 Opening
Thu Feb 18 16:06:53 2016 Closing
Thu Feb 18 16:07:35 2016 Opening
Thu Feb 18 16:07:40 2016 Closing
Thu Feb 18 16:07:54 2016 Opening
Thu Feb 18 16:07:59 2016 Closing
Thu Feb 18 16:08:17 2016 Opening
Thu Feb 18 16:08:20 2016 Closing
