Fri Apr  1 13:10:21 2016 -> Opening
Fri Apr  1 13:10:24 2016 -> No directory for: 2012
Fri Apr  1 13:10:24 2016 -> Directory created: C:\Users\michael.vanwickle\Documents\GitHub\NotesMiscellanea\pythonSource\scotusScraper\SCOTUS\2012\
Fri Apr  1 13:10:24 2016 -> Getting argument transcripts for 2012
Fri Apr  1 13:10:24 2016 -> No directory for: C:\Users\michael.vanwickle\Documents\GitHub\NotesMiscellanea\pythonSource\scotusScraper\SCOTUS\2012\Argument Transcripts\
Fri Apr  1 13:10:24 2016 -> Created: C:\Users\michael.vanwickle\Documents\GitHub\NotesMiscellanea\pythonSource\scotusScraper\SCOTUS\2012\Argument Transcripts\
Fri Apr  1 13:10:26 2016 -> Closing
Fri Apr  1 13:11:45 2016 -> Opening
Fri Apr  1 13:11:47 2016 -> Getting argument transcripts for 2012
Fri Apr  1 13:11:48 2016 -> Starting download of 75 files
Fri Apr  1 13:11:48 2016 -> Downloading: http://supremecourt.gov/oral_arguments/argument_transcripts/12-398_h3dj.pdf
Fri Apr  1 13:11:48 2016 -> Total Length: 402.22K
Fri Apr  1 13:11:50 2016 -> Stopping Download
Fri Apr  1 13:11:52 2016 -> Console Cleared
Fri Apr  1 13:11:53 2016 -> Saved to: C:\Users\michael.vanwickle\Documents\GitHub\NotesMiscellanea\pythonSource\scotusScraper\SCOTUS\2012\Argument Transcripts\12-398_h3dj-Association for Molecular Pathology v. Myriad Genetics, Inc..pdf
Fri Apr  1 13:11:53 2016 -> Cancelling download
Fri Apr  1 13:12:58 2016 -> Closing
Fri Apr  1 13:15:21 2016 -> Opening
Fri Apr  1 13:15:23 2016 -> Deleted folder: C:\Users\michael.vanwickle\Documents\GitHub\NotesMiscellanea\pythonSource\scotusScraper\SCOTUS\2012
Fri Apr  1 13:15:25 2016 -> Closing
