Fri Apr  1 13:25:40 2016 -> Opening
Fri Apr  1 13:25:42 2016 -> Closing
Fri Apr  1 13:26:52 2016 -> Opening
Fri Apr  1 13:26:54 2016 -> Closing
Fri Apr  1 14:10:21 2016 -> Opening
Fri Apr  1 14:10:23 2016 -> Closing
Fri Apr  1 14:10:33 2016 -> Opening
Fri Apr  1 14:10:37 2016 -> C:\Users\michael.vanwickle\Documents\GitHub\NotesMiscellanea\pythonSource\scotusScraper\SCOTUS
Fri Apr  1 14:11:34 2016 -> Closing
Fri Apr  1 14:11:34 2016 -> Opening
Fri Apr  1 14:11:44 2016 -> Save directory changed to: C:\Users\michael.vanwickle\Documents\GitHub\NotesMiscellanea\pythonSource\scotusScraper\SCOTUS2
Fri Apr  1 14:11:47 2016 -> No directory for: 2014
Fri Apr  1 14:11:47 2016 -> Directory created: C:\Users\michael.vanwickle\Documents\GitHub\NotesMiscellanea\pythonSource\scotusScraper\SCOTUS22014\
Fri Apr  1 14:11:47 2016 -> Getting slip opinions
Fri Apr  1 14:11:58 2016 -> Closing
Fri Apr  1 14:12:23 2016 -> Opening
Fri Apr  1 14:12:25 2016 -> No directory for: 2014
Fri Apr  1 14:12:25 2016 -> Directory created: C:\Users\michael.vanwickle\Documents\GitHub\NotesMiscellanea\pythonSource\scotusScraper\SCOTUS\2014\
Fri Apr  1 14:12:25 2016 -> Getting slip opinions
Fri Apr  1 14:12:30 2016 -> Stopping Download
Fri Apr  1 14:13:00 2016 -> Opening
Fri Apr  1 14:13:01 2016 -> Closing
Fri Apr  1 14:13:02 2016 -> Closing
Fri Apr  1 14:13:03 2016 -> Opening
Fri Apr  1 14:13:06 2016 -> Save directory changed to: C:\Users\michael.vanwickle\Documents\GitHub\NotesMiscellanea\pythonSource\scotusScraper\SCOTUS2\
Fri Apr  1 14:13:10 2016 -> No directory for: 2013
Fri Apr  1 14:13:10 2016 -> Directory created: C:\Users\michael.vanwickle\Documents\GitHub\NotesMiscellanea\pythonSource\scotusScraper\SCOTUS2\2013\
Fri Apr  1 14:13:10 2016 -> Getting argument transcripts for 2013
Fri Apr  1 14:13:10 2016 -> No directory for: C:\Users\michael.vanwickle\Documents\GitHub\NotesMiscellanea\pythonSource\scotusScraper\SCOTUS2\2013\Argument Transcripts\
Fri Apr  1 14:13:10 2016 -> Created: C:\Users\michael.vanwickle\Documents\GitHub\NotesMiscellanea\pythonSource\scotusScraper\SCOTUS2\2013\Argument Transcripts\
Fri Apr  1 14:13:11 2016 -> Starting download of 70 files
Fri Apr  1 14:13:11 2016 -> Downloading: http://supremecourt.gov/oral_arguments/argument_transcripts/12-842_2135.pdf
Fri Apr  1 14:13:31 2016 -> Stopping Download
Fri Apr  1 14:13:32 2016 -> Closing
Fri Apr  1 14:14:09 2016 -> Opening
Fri Apr  1 14:14:12 2016 -> Save directory changed to: C:\Users\michael.vanwickle\Documents\GitHub\NotesMiscellanea\pythonSource\scotusScraper\SCOTUS2\
Fri Apr  1 14:14:14 2016 -> No directory for: 2011
Fri Apr  1 14:14:14 2016 -> Directory created: C:\Users\michael.vanwickle\Documents\GitHub\NotesMiscellanea\pythonSource\scotusScraper\SCOTUS2\2011\
Fri Apr  1 14:14:14 2016 -> Getting slip opinions
Fri Apr  1 14:14:14 2016 -> No directory for: C:\Users\michael.vanwickle\Documents\GitHub\NotesMiscellanea\pythonSource\scotusScraper\SCOTUS2\2011\Slip Opinions\
Fri Apr  1 14:14:14 2016 -> Created: C:\Users\michael.vanwickle\Documents\GitHub\NotesMiscellanea\pythonSource\scotusScraper\SCOTUS2\2011\Slip Opinions\
Fri Apr  1 14:14:15 2016 -> Starting download of 78 files
Fri Apr  1 14:14:15 2016 -> Downloading: http://supremecourt.gov/opinions/11pdf/11-1184_ap6c.pdf
Fri Apr  1 14:14:15 2016 -> Total Length: 76.719K
Fri Apr  1 14:14:16 2016 -> Saved to: C:\Users\michael.vanwickle\Documents\GitHub\NotesMiscellanea\pythonSource\scotusScraper\SCOTUS2\2011\Slip Opinions\11-1184-Tennant v. Jefferson County.pdf
Fri Apr  1 14:14:16 2016 -> Downloading: http://supremecourt.gov/opinions/11pdf/10-7081b2d.pdf
Fri Apr  1 14:14:17 2016 -> Total Length: 38.636K
Fri Apr  1 14:14:17 2016 -> Saved to: C:\Users\michael.vanwickle\Documents\GitHub\NotesMiscellanea\pythonSource\scotusScraper\SCOTUS2\2011\Slip Opinions\10-708-First American Financial Corp. v. Edwards.pdf
Fri Apr  1 14:14:17 2016 -> Downloading: http://supremecourt.gov/opinions/11pdf/11-210d4e9.pdf
Fri Apr  1 14:14:17 2016 -> Total Length: 297.657K
Fri Apr  1 14:14:20 2016 -> Stopping Download
Fri Apr  1 14:14:21 2016 -> Saved to: C:\Users\michael.vanwickle\Documents\GitHub\NotesMiscellanea\pythonSource\scotusScraper\SCOTUS2\2011\Slip Opinions\11-210-United States v. Alvarez.pdf
Fri Apr  1 14:14:21 2016 -> Cancelling download
Fri Apr  1 14:14:23 2016 -> Closing
Fri Apr  1 14:14:25 2016 -> Opening
Fri Apr  1 14:14:30 2016 -> Deleted folder: C:\Users\michael.vanwickle\Documents\GitHub\NotesMiscellanea\pythonSource\scotusScraper\SCOTUS\2014
Fri Apr  1 14:14:35 2016 -> Save directory changed to: \
Fri Apr  1 14:15:12 2016 -> Save directory changed to: C:\Users\michael.vanwickle\Documents\GitHub\NotesMiscellanea\pythonSource\scotusScraper\SCOTUS\
Fri Apr  1 14:15:14 2016 -> Closing
Fri Apr  1 14:17:49 2016 -> Opening
Fri Apr  1 14:17:51 2016 -> Closing
Fri Apr  1 14:17:54 2016 -> Opening
Fri Apr  1 14:17:57 2016 -> Closing
Fri Apr  1 14:17:59 2016 -> Opening
Fri Apr  1 14:18:02 2016 -> Closing
Fri Apr  1 14:20:27 2016 -> Opening
Fri Apr  1 14:20:51 2016 -> Closing
Mon Apr  4 07:46:53 2016 -> Opening
Mon Apr  4 07:47:06 2016 -> Closing
